<?xml version="1.0" encoding="UTF-8"?>
<!-- Generated by org.testng.reporters.JUnitReportReporter -->
<testsuite hostname="DESKTOP-6P1S927" failures="0" tests="1" name="tutorialninja.register.TC_RF_001" time="7.224" errors="0" timestamp="2025-09-14T09:59:50 IST" skipped="0">
  <testcase classname="tutorialninja.register.TC_RF_001" name="verifyRegisterinWithMandatoryFields" time="7.224"/>
</testsuite> <!-- tutorialninja.register.TC_RF_001 -->
