<?xml version="1.0" encoding="UTF-8"?>
<!-- Generated by org.testng.reporters.JUnitReportReporter -->
<testsuite hostname="DESKTOP-6P1S927" failures="0" tests="1" name="tutorialninja.register.TC_RF_003" time="7.637" errors="0" timestamp="2025-09-10T23:14:12 IST" skipped="0">
  <testcase classname="tutorialninja.register.TC_RF_003" name="verifyRegisterinWithAllFields" time="7.637"/>
</testsuite> <!-- tutorialninja.register.TC_RF_003 -->
