<?xml version="1.0" encoding="UTF-8"?>
<!-- Generated by org.testng.reporters.JUnitReportReporter -->
<testsuite hostname="DESKTOP-6P1S927" failures="0" tests="1" name="tutorialninja.register.TC_RF_004" time="6.509" errors="0" timestamp="2025-09-14T10:38:57 IST" skipped="0">
  <testcase classname="tutorialninja.register.TC_RF_004" name="verifyRegisterAccountWithoutFillFileds" time="6.509"/>
</testsuite> <!-- tutorialninja.register.TC_RF_004 -->
