<?xml version="1.0" encoding="UTF-8"?>
<!-- Generated by org.testng.reporters.JUnitReportReporter -->
<testsuite hostname="DESKTOP-6P1S927" failures="0" tests="1" name="tutorialninja.register.TC_RF_007" time="8.398" errors="0" timestamp="2025-09-14T12:18:07 IST" skipped="0">
  <testcase classname="tutorialninja.register.TC_RF_007" name="verifyNavigatingRegisterAccountpageUsingDifferentWays" time="8.398"/>
</testsuite> <!-- tutorialninja.register.TC_RF_007 -->
