<?xml version="1.0" encoding="UTF-8"?>
<!-- Generated by org.testng.reporters.JUnitReportReporter -->
<testsuite hostname="DESKTOP-6P1S927" failures="0" tests="1" name="tutorialninja.register.TC_RF_020" time="3.617" errors="0" timestamp="2025-09-30T12:27:11 IST" skipped="0">
  <testcase classname="tutorialninja.register.TC_RF_020" name="verifyPrivacyPolicyFieldsOfRegisterAccounts" time="3.617"/>
</testsuite> <!-- tutorialninja.register.TC_RF_020 -->
