<?xml version="1.0" encoding="UTF-8"?>
<!-- Generated by org.testng.reporters.JUnitReportReporter -->
<testsuite hostname="DESKTOP-6P1S927" failures="0" tests="1" name="tutorialninja.register.TC_RF_009" time="4.730" errors="0" timestamp="2025-09-15T10:48:25 IST" skipped="0">
  <testcase classname="tutorialninja.register.TC_RF_009" name="verifyRegisterAccountWithExistingEmailAddress" time="4.730"/>
</testsuite> <!-- tutorialninja.register.TC_RF_009 -->
