<?xml version="1.0" encoding="UTF-8"?>
<!-- Generated by org.testng.reporters.JUnitReportReporter -->
<testsuite hostname="DESKTOP-6P1S927" failures="0" tests="1" name="tutorialninja.register.TC_RF_001" time="6.085" errors="0" timestamp="2025-09-10T12:45:09 IST" skipped="0">
  <testcase classname="tutorialninja.register.TC_RF_001" name="verifyRegisterinWithMandatoryFields" time="6.085"/>
</testsuite> <!-- tutorialninja.register.TC_RF_001 -->
