<?xml version="1.0" encoding="UTF-8"?>
<!-- Generated by org.testng.reporters.JUnitReportReporter -->
<testsuite hostname="DESKTOP-6P1S927" failures="0" tests="1" name="tutorialninja.register.TC_RF_012" time="22.725" errors="0" timestamp="2025-09-16T14:31:52 IST" skipped="0">
  <testcase classname="tutorialninja.register.TC_RF_012" name="verifyRegisterAccountUsingTabKey" time="22.725"/>
</testsuite> <!-- tutorialninja.register.TC_RF_012 -->
