<?xml version="1.0" encoding="UTF-8"?>
<!-- Generated by org.testng.reporters.JUnitReportReporter -->
<testsuite hostname="DESKTOP-6P1S927" failures="0" tests="1" name="tutorialninja.register.TC_RF_014" time="5.155" errors="0" timestamp="2025-09-27T10:17:50 IST" skipped="0">
  <testcase classname="tutorialninja.register.TC_RF_014" name="verifymandatoryFieldsSymbolAndColorInRegisterAccountPage" time="5.155"/>
</testsuite> <!-- tutorialninja.register.TC_RF_014 -->
