<?xml version="1.0" encoding="UTF-8"?>
<!-- Generated by org.testng.reporters.JUnitReportReporter -->
<testsuite hostname="DESKTOP-6P1S927" failures="0" tests="1" name="tutorialninja.register.TC_RF_01_10" time="18.533" errors="0" timestamp="2025-09-15T14:38:21 IST" skipped="0">
  <testcase classname="tutorialninja.register.TC_RF_01_10" name="verifyRegisterAccountWithInvalidEmail" time="18.533"/>
</testsuite> <!-- tutorialninja.register.TC_RF_01_10 -->
