<?xml version="1.0" encoding="UTF-8"?>
<!-- Generated by org.testng.reporters.JUnitReportReporter -->
<testsuite hostname="DESKTOP-6P1S927" failures="0" tests="1" name="tutorialninja.register.TC_RF_006" time="6.668" errors="0" timestamp="2025-09-14T11:03:15 IST" skipped="0">
  <testcase classname="tutorialninja.register.TC_RF_006" name="verifyRegisterAccountBySelecting_No_option" time="6.668"/>
</testsuite> <!-- tutorialninja.register.TC_RF_006 -->
