<?xml version="1.0" encoding="UTF-8"?>
<!-- Generated by org.testng.reporters.JUnitReportReporter -->
<testsuite hostname="DESKTOP-6P1S927" failures="0" tests="1" name="tutorialninja.register.TC_RF_021" time="7.033" errors="0" timestamp="2025-09-30T12:45:11 IST" skipped="0">
  <testcase classname="tutorialninja.register.TC_RF_021" name="verifyRegisterAccountWithoutPrivacyPolicySelection" time="7.033"/>
</testsuite> <!-- tutorialninja.register.TC_RF_021 -->
