<?xml version="1.0" encoding="UTF-8"?>
<!-- Generated by org.testng.reporters.JUnitReportReporter -->
<testsuite hostname="DESKTOP-6P1S927" failures="0" tests="1" name="tutorialninja.register.TC_RF_010" time="10.515" errors="0" timestamp="2025-09-15T11:41:11 IST" skipped="0">
  <testcase classname="tutorialninja.register.TC_RF_010" name="verifyRegisterAccountWithInvalidEmail" time="10.515"/>
</testsuite> <!-- tutorialninja.register.TC_RF_010 -->
